<?xml version="1.0" encoding="UTF-8"?>
<!-- Generated by org.testng.reporters.JUnitReportReporter -->
<testsuite hostname="LAPTOP-92E5NKS2" failures="0" tests="1" name="TestRunner.TestNGRunner" time="0.619" errors="0" timestamp="2022-07-11T13:54:14 IST" skipped="0">
  <testcase classname="TestRunner.TestNGRunner" name="runTest" time="0.619"/>
  <system-out/>
</testsuite> <!-- TestRunner.TestNGRunner -->
