<?xml version="1.0" encoding="UTF-8"?>
<!-- Generated by org.testng.reporters.JUnitReportReporter -->
<testsuite hostname="LAPTOP-92E5NKS2" failures="0" tests="1" name="TestRunner.TestNGRunner" time="10.137" errors="0" timestamp="2022-07-11T12:56:55 IST" skipped="0">
  <testcase classname="TestRunner.TestNGRunner" name="runTest" time="10.137"/>
  <system-out/>
</testsuite> <!-- TestRunner.TestNGRunner -->
